[debug] [2025-03-18T03:12:49.785Z] : 
[debug] [2025-03-18T03:12:49.794Z] : ----------------------------------------------------------------------
[debug] [2025-03-18T03:12:49.796Z] : Command:      C:\Program Files\nodejs\node.exe C:\Users\nandh\AppData\Roaming\npm\node_modules\zcatalyst-cli\lib\bin\catalyst.js serve
[debug] [2025-03-18T03:12:49.798Z] : CLI Version:  1.17.6
[debug] [2025-03-18T03:12:49.799Z] : Platform:     win32
[debug] [2025-03-18T03:12:49.801Z] : Node Version: v22.13.0
[debug] [2025-03-18T03:12:49.806Z] : Time:         Tue Mar 18 2025 08:42:49 GMT+0530 (India Standard Time)
[debug] [2025-03-18T03:12:49.806Z] : ----------------------------------------------------------------------
[debug] [2025-03-18T03:12:49.807Z] : 
[debug] [2025-03-18T03:12:56.071Z] : > authorizing via signed-in user option
[debug] [2025-03-18T03:12:56.073Z] : > command requires scopes: ["ZohoCatalyst.projects.ALL","ZohoCatalyst.functions.ALL","ZohoCatalyst.functions.EXECUTE","ZohoCatalyst.webapp.ALL","ZohoCatalyst.pdfshot.execute","ZohoCatalyst.authentication.CREATE"]
[debug] [2025-03-18T03:12:56.134Z] : >>>> HTTP REQUEST : GET https://api.catalyst.zoho.in/baas/v1/project/15482000000010017 

[debug] [2025-03-18T03:12:56.702Z] : <<<< HTTP RESPONSE : 200
Response Headers: {"server":"ZGS","date":"Tue, 18 Mar 2025 03:12:59 GMT","content-type":"application/vnd.catalyst.v2+json","transfer-encoding":"chunked","connection":"keep-alive","set-cookie":["zalb_3a750b85f1=ed010f63633be60a322039283f31a645; Path=/; Secure; HttpOnly","ZD_CSRF_TOKEN=a84af844-11b4-4f79-a03e-a7231960d842;path=/;SameSite=None;Secure;priority=high","_zcsr_tmp=a84af844-11b4-4f79-a03e-a7231960d842;path=/;SameSite=Strict;Secure;priority=high"],"x-content-type-options":"nosniff","cache-control":"private,no-cache,no-store,max-age=0,must-revalidate","pragma":"no-cache","expires":"Thu, 01 Jan 1970 00:00:00 GMT","x-frame-options":"DENY","strict-transport-security":"max-age=64072000; includeSubDomains; preload"}

[debug] [2025-03-18T03:12:56.715Z] : >>>> HTTP REQUEST : GET https://api.catalyst.zoho.in/baas/v1/project/15482000000010017/environment 

[debug] [2025-03-18T03:12:59.093Z] : <<<< HTTP RESPONSE : 200
Response Headers: {"server":"ZGS","date":"Tue, 18 Mar 2025 03:13:01 GMT","content-type":"application/vnd.catalyst.v2+json","transfer-encoding":"chunked","connection":"keep-alive","set-cookie":["zalb_3a750b85f1=411f509465b028e7e235eac6930aaab2; Path=/; Secure; HttpOnly","ZD_CSRF_TOKEN=ee0a4227-eb2e-4fd4-98ab-1c017bfc9750;path=/;SameSite=None;Secure;priority=high","_zcsr_tmp=ee0a4227-eb2e-4fd4-98ab-1c017bfc9750;path=/;SameSite=Strict;Secure;priority=high"],"x-content-type-options":"nosniff","cache-control":"private,no-cache,no-store,max-age=0,must-revalidate","pragma":"no-cache","expires":"Thu, 01 Jan 1970 00:00:00 GMT","x-frame-options":"DENY","strict-transport-security":"max-age=64072000; includeSubDomains; preload"}

[debug] [2025-03-18T03:13:00.252Z] : http port : '3000' is not available. Hence port '3001' will be used instead.
[debug] [2025-03-18T03:13:00.305Z] : No basic functions to add
[info] [2025-03-18T03:13:00.517Z] : 
[info] [2025-03-18T03:13:00.519Z] :  >>>>>>>>>>>>>> AppSail <<<<<<<<<<<<<< 
[info] [2025-03-18T03:13:00.521Z] : i AppSail: http://localhost:3001
[info] [2025-03-18T03:13:00.550Z] : 
[debug] [2025-03-18T03:13:22.545Z] : >>>> HTTP REQUEST : GET https://mediconnect-60038593393.development.catalystserverless.in/baas/v1/project/15482000000010017/project-user/current 

[debug] [2025-03-18T03:13:22.805Z] : <<<< HTTP RESPONSE : 401
Response Headers: {"server":"ZGS","date":"Tue, 18 Mar 2025 03:13:25 GMT","content-type":"application/json;charset=ISO-8859-1","content-length":"90","connection":"keep-alive","set-cookie":["zalb_3a750b85f1=ed010f63633be60a322039283f31a645; Path=/; Secure; HttpOnly","ZD_CSRF_TOKEN=9b2ec28d-dbde-438a-9e41-d92e54d6ef0a;path=/;SameSite=None;Secure;priority=high","_zcsr_tmp=9b2ec28d-dbde-438a-9e41-d92e54d6ef0a;path=/;SameSite=Strict;Secure;priority=high","JSESSIONID=4567D2C3713A3586B4084E6785E5A828; Path=/; Secure; HttpOnly"],"x-content-type-options":"nosniff","cache-control":"private,no-cache,no-store,max-age=0,must-revalidate","pragma":"no-cache","expires":"Thu, 01 Jan 1970 00:00:00 GMT","x-frame-options":"DENY","strict-transport-security":"max-age=64072000; includeSubDomains; preload"}

[debug] [2025-03-18T03:13:22.809Z] : Response Body : {"status":"failure","data":{"error_code":"INVALID_TOKEN","message":"invalid oauth token"}}

